#
# There is insufficient memory for the Java Runtime Environment to continue.
# Native memory allocation (malloc) failed to allocate 1026176 bytes for Chunk::new
# Possible reasons:
#   The system is out of physical RAM or swap space
#   In 32 bit mode, the process size limit was hit
# Possible solutions:
#   Reduce memory load on the system
#   Increase physical memory or swap space
#   Check if swap backing store is full
#   Use 64 bit Java on a 64 bit OS
#   Decrease Java heap size (-Xmx/-Xms)
#   Decrease number of Java threads
#   Decrease Java thread stack sizes (-Xss)
#   Set larger code cache with -XX:ReservedCodeCacheSize=
# This output file may be truncated or incomplete.
#
#  Out of Memory Error (allocation.cpp:390), pid=10176, tid=0x0000000000000ee8
#
# JRE version: OpenJDK Runtime Environment (8.0_76-b03) (build 1.8.0_76-release-b03)
# Java VM: OpenJDK 64-Bit Server VM (25.76-b03 mixed mode windows-amd64 compressed oops)
# Failed to write core dump. Minidumps are not enabled by default on client versions of Windows
#

---------------  T H R E A D  ---------------

Current thread (0x0000000015c35800):  JavaThread "C2 CompilerThread1" daemon [_thread_in_native, id=3816, stack(0x0000000017340000,0x0000000017440000)]

Stack: [0x0000000017340000,0x0000000017440000]
[error occurred during error reporting (printing stack bounds), id 0xc0000005]

Native frames: (J=compiled Java code, j=interpreted, Vv=VM code, C=native code)


Current CompileTask:
C2:3023603 13986       4       org.objectweb.asm.ClassWriter::toByteArray (1295 bytes)


---------------  P R O C E S S  ---------------

Java Threads: ( => current thread )
  0x000000001930b000 JavaThread "pool-11-thread-4" [_thread_blocked, id=5024, stack(0x0000000028690000,0x0000000028790000)]
  0x0000000019309800 JavaThread "pool-11-thread-3" [_thread_blocked, id=10152, stack(0x0000000028590000,0x0000000028690000)]
  0x000000001930a000 JavaThread "pool-11-thread-2" [_thread_blocked, id=5760, stack(0x0000000028490000,0x0000000028590000)]
  0x0000000019308800 JavaThread "pool-11-thread-1" [_thread_blocked, id=3496, stack(0x0000000028390000,0x0000000028490000)]
  0x0000000019301000 JavaThread "Stdin handler" [_thread_blocked, id=4440, stack(0x0000000028290000,0x0000000028390000)]
  0x0000000019308000 JavaThread "Asynchronous log dispatcher for org.gradle.launcher.daemon.server.DefaultDaemonConnection@7861c7ce" [_thread_blocked, id=3388, stack(0x0000000028190000,0x0000000028290000)]
  0x00000000192ff800 JavaThread "Daemon worker Thread 3" [_thread_in_native, id=9824, stack(0x0000000028090000,0x0000000028190000)]
  0x0000000019305800 JavaThread "Cancel handler" [_thread_blocked, id=9116, stack(0x0000000027f90000,0x0000000028090000)]
  0x0000000019306800 JavaThread "Handler for socket connection from /127.0.0.1:58316 to /127.0.0.1:62176" [_thread_in_native, id=3276, stack(0x0000000027e90000,0x0000000027f90000)]
  0x00000000192fe000 JavaThread "Daemon Thread 3" [_thread_blocked, id=9276, stack(0x0000000027d90000,0x0000000027e90000)]
  0x0000000019305000 JavaThread "stdout" daemon [_thread_in_native, id=6004, stack(0x0000000026f90000,0x0000000027090000)]
  0x0000000019300800 JavaThread "stderr" daemon [_thread_in_native, id=3108, stack(0x0000000026e90000,0x0000000026f90000)]
  0x0000000019304000 JavaThread "stdout" daemon [_thread_in_native, id=8856, stack(0x0000000026c90000,0x0000000026d90000)]
  0x0000000019303800 JavaThread "stderr" daemon [_thread_in_native, id=4328, stack(0x0000000026b90000,0x0000000026c90000)]
  0x0000000019302000 JavaThread "stdout" daemon [_thread_in_native, id=7624, stack(0x0000000026a90000,0x0000000026b90000)]
  0x00000000192ff000 JavaThread "stderr" daemon [_thread_in_native, id=2192, stack(0x0000000026990000,0x0000000026a90000)]
  0x0000000019302800 JavaThread "stdout" daemon [_thread_in_native, id=9620, stack(0x0000000026890000,0x0000000026990000)]
  0x000000001de48800 JavaThread "stderr" daemon [_thread_in_native, id=2704, stack(0x0000000026790000,0x0000000026890000)]
  0x000000001de41000 JavaThread "stdout" daemon [_thread_in_native, id=8080, stack(0x0000000026690000,0x0000000026790000)]
  0x000000001de47800 JavaThread "stderr" daemon [_thread_in_native, id=4372, stack(0x0000000026590000,0x0000000026690000)]
  0x000000001de47000 JavaThread "stdout" daemon [_thread_in_native, id=7680, stack(0x0000000026490000,0x0000000026590000)]
  0x000000001de43000 JavaThread "stderr" daemon [_thread_in_native, id=10224, stack(0x0000000026390000,0x0000000026490000)]
  0x000000001de46000 JavaThread "stdout" daemon [_thread_in_native, id=3992, stack(0x0000000026290000,0x0000000026390000)]
  0x000000001de42800 JavaThread "stderr" daemon [_thread_in_native, id=9192, stack(0x0000000026190000,0x0000000026290000)]
  0x000000001de44800 JavaThread "stdout" daemon [_thread_in_native, id=1140, stack(0x0000000026090000,0x0000000026190000)]
  0x000000001de45800 JavaThread "stderr" daemon [_thread_in_native, id=6936, stack(0x0000000025f90000,0x0000000026090000)]
  0x000000001de44000 JavaThread "stdout" daemon [_thread_in_native, id=8336, stack(0x0000000025e90000,0x0000000025f90000)]
  0x000000001de41800 JavaThread "stderr" daemon [_thread_in_native, id=7904, stack(0x0000000025d90000,0x0000000025e90000)]
  0x000000001de39800 JavaThread "stdout" daemon [_thread_in_native, id=9484, stack(0x0000000025c90000,0x0000000025d90000)]
  0x000000001de3d000 JavaThread "stderr" daemon [_thread_in_native, id=9480, stack(0x0000000025b90000,0x0000000025c90000)]
  0x000000001de3b800 JavaThread "stdout" daemon [_thread_in_native, id=9896, stack(0x0000000025a90000,0x0000000025b90000)]
  0x000000001de40000 JavaThread "stderr" daemon [_thread_in_native, id=5552, stack(0x0000000025990000,0x0000000025a90000)]
  0x000000001de3f800 JavaThread "stdout" daemon [_thread_in_native, id=9340, stack(0x0000000025890000,0x0000000025990000)]
  0x000000001de3b000 JavaThread "stderr" daemon [_thread_in_native, id=9964, stack(0x0000000025790000,0x0000000025890000)]
  0x000000001de3e800 JavaThread "stdout" daemon [_thread_in_native, id=7436, stack(0x0000000025690000,0x0000000025790000)]
  0x000000001de3a000 JavaThread "stderr" daemon [_thread_in_native, id=6104, stack(0x0000000025590000,0x0000000025690000)]
  0x000000001de3c800 JavaThread "stdout" daemon [_thread_in_native, id=1916, stack(0x0000000025490000,0x0000000025590000)]
  0x000000001de3e000 JavaThread "stderr" daemon [_thread_in_native, id=10084, stack(0x0000000025390000,0x0000000025490000)]
  0x000000001b60a800 JavaThread "stdout" daemon [_thread_in_native, id=5520, stack(0x0000000025290000,0x0000000025390000)]
  0x000000001b609800 JavaThread "stderr" daemon [_thread_in_native, id=8884, stack(0x0000000025190000,0x0000000025290000)]
  0x000000001b609000 JavaThread "stdout" daemon [_thread_in_native, id=10040, stack(0x0000000025090000,0x0000000025190000)]
  0x000000001b608000 JavaThread "stderr" daemon [_thread_in_native, id=6224, stack(0x0000000024f90000,0x0000000025090000)]
  0x000000001b60b000 JavaThread "stdout" daemon [_thread_in_native, id=9768, stack(0x0000000024e90000,0x0000000024f90000)]
  0x000000001b607800 JavaThread "stderr" daemon [_thread_in_native, id=884, stack(0x0000000024d90000,0x0000000024e90000)]
  0x000000001b60e800 JavaThread "stdout" daemon [_thread_in_native, id=8388, stack(0x0000000024c90000,0x0000000024d90000)]
  0x000000001b606800 JavaThread "stderr" daemon [_thread_in_native, id=9828, stack(0x0000000024b90000,0x0000000024c90000)]
  0x000000001b60d800 JavaThread "stdout" daemon [_thread_in_native, id=5344, stack(0x0000000024a90000,0x0000000024b90000)]
  0x000000001b60d000 JavaThread "stderr" daemon [_thread_in_native, id=8672, stack(0x0000000024990000,0x0000000024a90000)]
  0x000000001b60c000 JavaThread "stdout" daemon [_thread_in_native, id=9860, stack(0x0000000024890000,0x0000000024990000)]
  0x000000001b5ff000 JavaThread "stderr" daemon [_thread_in_native, id=9228, stack(0x0000000024790000,0x0000000024890000)]
  0x000000001b600800 JavaThread "png-cruncher_20" daemon [_thread_blocked, id=2212, stack(0x0000000024690000,0x0000000024790000)]
  0x000000001b606000 JavaThread "png-cruncher_19" daemon [_thread_blocked, id=4712, stack(0x0000000024590000,0x0000000024690000)]
  0x000000001b605000 JavaThread "png-cruncher_18" daemon [_thread_blocked, id=9476, stack(0x0000000024490000,0x0000000024590000)]
  0x000000001b600000 JavaThread "png-cruncher_17" daemon [_thread_blocked, id=9888, stack(0x0000000024390000,0x0000000024490000)]
  0x000000001b604800 JavaThread "png-cruncher_16" daemon [_thread_blocked, id=3752, stack(0x0000000024290000,0x0000000024390000)]
  0x000000001b601800 JavaThread "png-cruncher_15" daemon [_thread_blocked, id=9792, stack(0x0000000024190000,0x0000000024290000)]
  0x000000001b603000 JavaThread "png-cruncher_14" daemon [_thread_blocked, id=7564, stack(0x0000000024090000,0x0000000024190000)]
  0x000000001b603800 JavaThread "png-cruncher_13" daemon [_thread_blocked, id=7320, stack(0x0000000023f90000,0x0000000024090000)]
  0x000000001b602000 JavaThread "png-cruncher_12" daemon [_thread_blocked, id=10140, stack(0x0000000023e90000,0x0000000023f90000)]
  0x0000000017ff0800 JavaThread "png-cruncher_11" daemon [_thread_blocked, id=9528, stack(0x0000000023d90000,0x0000000023e90000)]
  0x0000000017fef800 JavaThread "png-cruncher_10" daemon [_thread_blocked, id=7216, stack(0x0000000023c90000,0x0000000023d90000)]
  0x0000000017ff3000 JavaThread "png-cruncher_9" daemon [_thread_blocked, id=1696, stack(0x0000000023b90000,0x0000000023c90000)]
  0x0000000017fef000 JavaThread "png-cruncher_8" daemon [_thread_blocked, id=9320, stack(0x0000000023a90000,0x0000000023b90000)]
  0x0000000017ff4800 JavaThread "png-cruncher_7" daemon [_thread_blocked, id=3808, stack(0x0000000023990000,0x0000000023a90000)]
  0x0000000017fee000 JavaThread "png-cruncher_6" daemon [_thread_blocked, id=5648, stack(0x0000000023890000,0x0000000023990000)]
  0x0000000017ff2000 JavaThread "png-cruncher_5" daemon [_thread_blocked, id=9932, stack(0x0000000023790000,0x0000000023890000)]
  0x0000000017fed800 JavaThread "png-cruncher_4" daemon [_thread_blocked, id=9308, stack(0x0000000023690000,0x0000000023790000)]
  0x0000000017ff1000 JavaThread "png-cruncher_3" daemon [_thread_blocked, id=7184, stack(0x0000000023590000,0x0000000023690000)]
  0x0000000017ff3800 JavaThread "png-cruncher_2" daemon [_thread_blocked, id=8360, stack(0x0000000023490000,0x0000000023590000)]
  0x0000000017fe6000 JavaThread "png-cruncher_1" daemon [_thread_blocked, id=5116, stack(0x0000000023390000,0x0000000023490000)]
  0x000000001b707800 JavaThread "pool-2-thread-1" [_thread_blocked, id=6084, stack(0x000000001f480000,0x000000001f580000)]
  0x0000000018b51800 JavaThread "File lock request listener" [_thread_in_native, id=4640, stack(0x000000001b750000,0x000000001b850000)]
  0x00000000184de000 JavaThread "pool-1-thread-1" [_thread_blocked, id=8160, stack(0x0000000019a80000,0x0000000019b80000)]
  0x0000000018c36000 JavaThread "Incoming local TCP Connector on port 58316" [_thread_in_native, id=1936, stack(0x0000000019650000,0x0000000019750000)]
  0x000000001754c800 JavaThread "Service Thread" daemon [_thread_blocked, id=5960, stack(0x0000000017940000,0x0000000017a40000)]
  0x0000000015c3c000 JavaThread "C1 CompilerThread2" daemon [_thread_in_vm, id=9240, stack(0x0000000017440000,0x0000000017540000)]
=>0x0000000015c35800 JavaThread "C2 CompilerThread1" daemon [_thread_in_native, id=3816, stack(0x0000000017340000,0x0000000017440000)]
  0x0000000015bdd000 JavaThread "C2 CompilerThread0" daemon [_thread_in_native, id=9616, stack(0x0000000017240000,0x0000000017340000)]
  0x0000000015bdb800 JavaThread "Attach Listener" daemon [_thread_blocked, id=6072, stack(0x0000000017140000,0x0000000017240000)]
  0x0000000015bda800 JavaThread "Signal Dispatcher" daemon [_thread_blocked, id=6892, stack(0x0000000017040000,0x0000000017140000)]
  0x0000000002266800 JavaThread "Finalizer" daemon [_thread_blocked, id=9872, stack(0x0000000016e50000,0x0000000016f50000)]
  0x0000000002260800 JavaThread "Reference Handler" daemon [_thread_blocked, id=5260, stack(0x0000000016d50000,0x0000000016e50000)]
  0x0000000002170800 JavaThread "main" [_thread_blocked, id=4412, stack(0x0000000001f70000,0x0000000002070000)]

Other Threads:
  0x0000000015ba4000 VMThread [stack: 0x0000000016c50000,0x0000000016d50000] [id=9344]
  0x0000000017542800 WatcherThread [stack: 0x0000000017a40000,0x0000000017b40000] [id=9916]

VM state:not at safepoint (normal execution)

VM Mutex/Monitor currently owned by a thread: None

Heap:
 PSYoungGen      total 211968K, used 189006K [0x00000000e0000000, 0x00000000ee700000, 0x0000000100000000)
  eden space 187392K, 92% used [0x00000000e0000000,0x00000000ea9438e8,0x00000000eb700000)
  from space 24576K, 63% used [0x00000000eb700000,0x00000000ec650080,0x00000000ecf00000)
  to   space 19968K, 0% used [0x00000000ed380000,0x00000000ed380000,0x00000000ee700000)
 ParOldGen       total 97792K, used 39687K [0x00000000a0000000, 0x00000000a5f80000, 0x00000000e0000000)
  object space 97792K, 40% used [0x00000000a0000000,0x00000000a26c1f78,0x00000000a5f80000)
 Metaspace       used 69146K, capacity 72084K, committed 72368K, reserved 1112064K
  class space    used 8979K, capacity 9566K, committed 9648K, reserved 1048576K

Card table byte_map: [0x0000000011630000,0x0000000011940000] byte_map_base: 0x0000000011130000

Marking Bits: (ParMarkBitMap*) 0x0000000074f29d00
 Begin Bits: [0x0000000011f40000, 0x0000000013740000)
 End Bits:   [0x0000000013740000, 0x0000000014f40000)

Polling page: 0x0000000000760000

CodeCache: size=245760Kb used=39535Kb max_used=39564Kb free=206224Kb
 bounds [0x0000000002270000, 0x0000000004950000, 0x0000000011270000]
 total_blobs=12146 nmethods=11380 adapters=678
 compilation: enabled

Compilation events (10 events):
Event: 3023.385 Thread 0x0000000015c3c000 14006       2       com.google.common.collect.RegularImmutableMap$NonTerminalMapEntry::<init> (11 bytes)
Event: 3023.385 Thread 0x0000000015c3c000 nmethod 14006 0x000000000477df90 code [0x000000000477e0e0, 0x000000000477e270]
Event: 3023.385 Thread 0x0000000015c3c000 14008       2       org.objectweb.asm.ByteVector::putByteArray (49 bytes)
Event: 3023.385 Thread 0x0000000015c3c000 nmethod 14008 0x00000000046d2a10 code [0x00000000046d2b80, 0x00000000046d2e18]
Event: 3023.385 Thread 0x0000000015c3c000 14007       2       com.google.common.collect.ImmutableMapEntry::<init> (13 bytes)
Event: 3023.385 Thread 0x0000000015c3c000 nmethod 14007 0x00000000046ef8d0 code [0x00000000046efa20, 0x00000000046efbb0]
Event: 3023.394 Thread 0x0000000015bdd000 nmethod 13915 0x000000000464b8d0 code [0x000000000464bc20, 0x000000000464f178]
Event: 3023.394 Thread 0x0000000015bdd000 13996       4       org.objectweb.asm.tree.FieldNode::accept (377 bytes)
Event: 3023.406 Thread 0x0000000015c3c000 14011       2       org.objectweb.asm.tree.ClassNode::accept (568 bytes)
Event: 3023.407 Thread 0x0000000015c3c000 nmethod 14011 0x00000000046554d0 code [0x0000000004655860, 0x00000000046566f8]

GC Heap History (10 events):
Event: 2508.804 GC heap before
{Heap before GC invocations=23 (full 4):
 PSYoungGen      total 168960K, used 155127K [0x00000000e0000000, 0x00000000ed180000, 0x0000000100000000)
  eden space 148480K, 100% used [0x00000000e0000000,0x00000000e9100000,0x00000000e9100000)
  from space 20480K, 32% used [0x00000000ea480000,0x00000000eaafdd68,0x00000000eb880000)
  to   space 19968K, 0% used [0x00000000e9100000,0x00000000e9100000,0x00000000ea480000)
 ParOldGen       total 97792K, used 39485K [0x00000000a0000000, 0x00000000a5f80000, 0x00000000e0000000)
  object space 97792K, 40% used [0x00000000a0000000,0x00000000a268f520,0x00000000a5f80000)
 Metaspace       used 61657K, capacity 64162K, committed 64816K, reserved 1105920K
  class space    used 8079K, capacity 8587K, committed 8752K, reserved 1048576K
Event: 2508.813 GC heap after
Heap after GC invocations=23 (full 4):
 PSYoungGen      total 168448K, used 14026K [0x00000000e0000000, 0x00000000ec980000, 0x0000000100000000)
  eden space 148480K, 0% used [0x00000000e0000000,0x00000000e0000000,0x00000000e9100000)
  from space 19968K, 70% used [0x00000000e9100000,0x00000000e9eb29b0,0x00000000ea480000)
  to   space 20992K, 0% used [0x00000000eb500000,0x00000000eb500000,0x00000000ec980000)
 ParOldGen       total 97792K, used 39493K [0x00000000a0000000, 0x00000000a5f80000, 0x00000000e0000000)
  object space 97792K, 40% used [0x00000000a0000000,0x00000000a2691520,0x00000000a5f80000)
 Metaspace       used 61657K, capacity 64162K, committed 64816K, reserved 1105920K
  class space    used 8079K, capacity 8587K, committed 8752K, reserved 1048576K
}
Event: 2509.255 GC heap before
{Heap before GC invocations=24 (full 4):
 PSYoungGen      total 168448K, used 162506K [0x00000000e0000000, 0x00000000ec980000, 0x0000000100000000)
  eden space 148480K, 100% used [0x00000000e0000000,0x00000000e9100000,0x00000000e9100000)
  from space 19968K, 70% used [0x00000000e9100000,0x00000000e9eb29b0,0x00000000ea480000)
  to   space 20992K, 0% used [0x00000000eb500000,0x00000000eb500000,0x00000000ec980000)
 ParOldGen       total 97792K, used 39493K [0x00000000a0000000, 0x00000000a5f80000, 0x00000000e0000000)
  object space 97792K, 40% used [0x00000000a0000000,0x00000000a2691520,0x00000000a5f80000)
 Metaspace       used 61733K, capacity 64226K, committed 64816K, reserved 1105920K
  class space    used 8080K, capacity 8587K, committed 8752K, reserved 1048576K
Event: 2509.281 GC heap after
Heap after GC invocations=24 (full 4):
 PSYoungGen      total 183808K, used 17233K [0x00000000e0000000, 0x00000000eda00000, 0x0000000100000000)
  eden space 162816K, 0% used [0x00000000e0000000,0x00000000e0000000,0x00000000e9f00000)
  from space 20992K, 82% used [0x00000000eb500000,0x00000000ec5d4688,0x00000000ec980000)
  to   space 22528K, 0% used [0x00000000e9f00000,0x00000000e9f00000,0x00000000eb500000)
 ParOldGen       total 97792K, used 39501K [0x00000000a0000000, 0x00000000a5f80000, 0x00000000e0000000)
  object space 97792K, 40% used [0x00000000a0000000,0x00000000a2693520,0x00000000a5f80000)
 Metaspace       used 61733K, capacity 64226K, committed 64816K, reserved 1105920K
  class space    used 8080K, capacity 8587K, committed 8752K, reserved 1048576K
}
Event: 3015.256 GC heap before
{Heap before GC invocations=25 (full 4):
 PSYoungGen      total 183808K, used 180049K [0x00000000e0000000, 0x00000000eda00000, 0x0000000100000000)
  eden space 162816K, 100% used [0x00000000e0000000,0x00000000e9f00000,0x00000000e9f00000)
  from space 20992K, 82% used [0x00000000eb500000,0x00000000ec5d4688,0x00000000ec980000)
  to   space 22528K, 0% used [0x00000000e9f00000,0x00000000e9f00000,0x00000000eb500000)
 ParOldGen       total 97792K, used 39501K [0x00000000a0000000, 0x00000000a5f80000, 0x00000000e0000000)
  object space 97792K, 40% used [0x00000000a0000000,0x00000000a2693520,0x00000000a5f80000)
 Metaspace       used 61877K, capacity 64412K, committed 64816K, reserved 1105920K
  class space    used 8093K, capacity 8600K, committed 8752K, reserved 1048576K
Event: 3015.615 GC heap after
Heap after GC invocations=25 (full 4):
 PSYoungGen      total 185344K, used 22511K [0x00000000e0000000, 0x00000000eec80000, 0x0000000100000000)
  eden space 162816K, 0% used [0x00000000e0000000,0x00000000e0000000,0x00000000e9f00000)
  from space 22528K, 99% used [0x00000000e9f00000,0x00000000eb4fbdd8,0x00000000eb500000)
  to   space 25600K, 0% used [0x00000000ed380000,0x00000000ed380000,0x00000000eec80000)
 ParOldGen       total 97792K, used 39671K [0x00000000a0000000, 0x00000000a5f80000, 0x00000000e0000000)
  object space 97792K, 40% used [0x00000000a0000000,0x00000000a26bdf78,0x00000000a5f80000)
 Metaspace       used 61877K, capacity 64412K, committed 64816K, reserved 1105920K
  class space    used 8093K, capacity 8600K, committed 8752K, reserved 1048576K
}
Event: 3020.419 GC heap before
{Heap before GC invocations=26 (full 4):
 PSYoungGen      total 185344K, used 185327K [0x00000000e0000000, 0x00000000eec80000, 0x0000000100000000)
  eden space 162816K, 100% used [0x00000000e0000000,0x00000000e9f00000,0x00000000e9f00000)
  from space 22528K, 99% used [0x00000000e9f00000,0x00000000eb4fbdd8,0x00000000eb500000)
  to   space 25600K, 0% used [0x00000000ed380000,0x00000000ed380000,0x00000000eec80000)
 ParOldGen       total 97792K, used 39671K [0x00000000a0000000, 0x00000000a5f80000, 0x00000000e0000000)
  object space 97792K, 40% used [0x00000000a0000000,0x00000000a26bdf78,0x00000000a5f80000)
 Metaspace       used 62455K, capacity 65142K, committed 65328K, reserved 1105920K
  class space    used 8158K, capacity 8693K, committed 8752K, reserved 1048576K
Event: 3020.429 GC heap after
Heap after GC invocations=26 (full 4):
 PSYoungGen      total 207360K, used 11892K [0x00000000e0000000, 0x00000000ee700000, 0x0000000100000000)
  eden space 187392K, 0% used [0x00000000e0000000,0x00000000e0000000,0x00000000eb700000)
  from space 19968K, 59% used [0x00000000ed380000,0x00000000edf1d328,0x00000000ee700000)
  to   space 24576K, 0% used [0x00000000eb700000,0x00000000eb700000,0x00000000ecf00000)
 ParOldGen       total 97792K, used 39679K [0x00000000a0000000, 0x00000000a5f80000, 0x00000000e0000000)
  object space 97792K, 40% used [0x00000000a0000000,0x00000000a26bff78,0x00000000a5f80000)
 Metaspace       used 62455K, capacity 65142K, committed 65328K, reserved 1105920K
  class space    used 8158K, capacity 8693K, committed 8752K, reserved 1048576K
}
Event: 3022.836 GC heap before
{Heap before GC invocations=27 (full 4):
 PSYoungGen      total 207360K, used 199268K [0x00000000e0000000, 0x00000000ee700000, 0x0000000100000000)
  eden space 187392K, 99% used [0x00000000e0000000,0x00000000eb6fbe80,0x00000000eb700000)
  from space 19968K, 59% used [0x00000000ed380000,0x00000000edf1d328,0x00000000ee700000)
  to   space 24576K, 0% used [0x00000000eb700000,0x00000000eb700000,0x00000000ecf00000)
 ParOldGen       total 97792K, used 39679K [0x00000000a0000000, 0x00000000a5f80000, 0x00000000e0000000)
  object space 97792K, 40% used [0x00000000a0000000,0x00000000a26bff78,0x00000000a5f80000)
 Metaspace       used 68406K, capacity 71252K, committed 71472K, reserved 1112064K
  class space    used 8882K, capacity 9450K, committed 9520K, reserved 1048576K
Event: 3022.890 GC heap after
Heap after GC invocations=27 (full 4):
 PSYoungGen      total 211968K, used 15680K [0x00000000e0000000, 0x00000000ee700000, 0x0000000100000000)
  eden space 187392K, 0% used [0x00000000e0000000,0x00000000e0000000,0x00000000eb700000)
  from space 24576K, 63% used [0x00000000eb700000,0x00000000ec650080,0x00000000ecf00000)
  to   space 19968K, 0% used [0x00000000ed380000,0x00000000ed380000,0x00000000ee700000)
 ParOldGen       total 97792K, used 39687K [0x00000000a0000000, 0x00000000a5f80000, 0x00000000e0000000)
  object space 97792K, 40% used [0x00000000a0000000,0x00000000a26c1f78,0x00000000a5f80000)
 Metaspace       used 68406K, capacity 71252K, committed 71472K, reserved 1112064K
  class space    used 8882K, capacity 9450K, committed 9520K, reserved 1048576K
}

Deoptimization events (10 events):
Event: 3023.265 Thread 0x00000000192ff800 Uncommon trap: reason=unstable_if action=reinterpret pc=0x00000000043f72d4 method=org.objectweb.asm.MethodWriter.a()I @ 179
Event: 3023.265 Thread 0x00000000192ff800 Uncommon trap: reason=unstable_if action=reinterpret pc=0x00000000043da61c method=org.objectweb.asm.MethodWriter.a(Lorg/objectweb/asm/ByteVector;)V @ 369
Event: 3023.285 Thread 0x00000000192ff800 Uncommon trap: reason=null_assert action=make_not_entrant pc=0x000000000245bd90 method=java.util.zip.ZipEntry.<init>(Ljava/util/zip/ZipEntry;)V @ 70
Event: 3023.286 Thread 0x00000000192ff800 Uncommon trap: reason=unstable_if action=reinterpret pc=0x00000000043a42d4 method=org.objectweb.asm.ClassReader.b(Lorg/objectweb/asm/ClassVisitor;Lorg/objectweb/asm/Context;I)I @ 1053
Event: 3023.288 Thread 0x00000000192ff800 Uncommon trap: reason=null_assert action=make_not_entrant pc=0x00000000024dbdbc method=java.util.zip.ZipEntry.<init>(Ljava/util/zip/ZipEntry;)V @ 70
Event: 3023.296 Thread 0x00000000192ff800 Uncommon trap: reason=null_assert action=make_not_entrant pc=0x00000000024de284 method=java.util.zip.ZipEntry.<init>(Ljava/util/zip/ZipEntry;)V @ 70
Event: 3023.309 Thread 0x00000000192ff800 Uncommon trap: reason=class_check action=maybe_recompile pc=0x00000000043d29a8 method=org.objectweb.asm.tree.MethodNode.accept(Lorg/objectweb/asm/ClassVisitor;)V @ 42
Event: 3023.309 Thread 0x00000000192ff800 Uncommon trap: reason=class_check action=maybe_recompile pc=0x0000000004414c20 method=org.objectweb.asm.tree.MethodInsnNode.accept(Lorg/objectweb/asm/MethodVisitor;)V @ 21
Event: 3023.310 Thread 0x00000000192ff800 Uncommon trap: reason=class_check action=maybe_recompile pc=0x00000000043d29a8 method=org.objectweb.asm.tree.MethodNode.accept(Lorg/objectweb/asm/ClassVisitor;)V @ 42
Event: 3023.321 Thread 0x00000000192ff800 Uncommon trap: reason=unstable_if action=reinterpret pc=0x00000000043692a0 method=org.objectweb.asm.Item.a(Lorg/objectweb/asm/Item;)Z @ 203

Internal exceptions (10 events):
Event: 3016.610 Thread 0x00000000192ff800 Exception <a 'java/lang/ClassNotFoundException': com/android/build/gradle/tasks/fd/GenerateInstantRunAppInfoTaskCustomizer> (0x00000000e1126580) thrown at [C:\src\android\AOSP-openjdk\external\jetbrains\jdk\hotspot\src\share\vm\classfile\systemDictionary.cﬁ‘cd@ëß@
Event: 3016.626 Thread 0x00000000192ff800 Exception <a 'java/lang/ClassNotFoundException': com/android/build/gradle/tasks/fd/GenerateInstantRunAppInfoTask_DecoratedCustomizer> (0x00000000e1221248) thrown at [C:\src\android\AOSP-openjdk\external\jetbrains\jdk\hotspot\src\share\vm\classfile\systemDi“iâ
Event: 3019.184 Thread 0x00000000192ff800 Implicit null exception at 0x0000000004319ea6 to 0x000000000431aea9
Event: 3020.458 Thread 0x00000000192ff800 Implicit null exception at 0x00000000042ed68c to 0x00000000042eda5f
Event: 3021.383 Thread 0x00000000192ff800 Implicit null exception at 0x0000000004523d32 to 0x00000000045289f1
Event: 3022.615 Thread 0x00000000192ff800 Exception <a 'java/lang/NoSuchMethodError': <clinit>> (0x00000000e51807c8) thrown at [C:\src\android\AOSP-openjdk\external\jetbrains\jdk\hotspot\src\share\vm\prims\jni.cpp, line 1591]
Event: 3022.631 Thread 0x0000000019308800 Exception <a 'sun/nio/fs/WindowsException'> (0x00000000e53993b8) thrown at [C:\src\android\AOSP-openjdk\external\jetbrains\jdk\hotspot\src\share\vm\prims\jni.cpp, line 709]
Event: 3022.935 Thread 0x00000000192ff800 Exception <a 'java/io/FileNotFoundException'> (0x00000000e9a0d7c8) thrown at [C:\src\android\AOSP-openjdk\external\jetbrains\jdk\hotspot\src\share\vm\prims\jni.cpp, line 709]
Event: 3022.969 Thread 0x00000000192ff800 Implicit null exception at 0x00000000043a897d to 0x00000000043a9491
Event: 3022.969 Thread 0x00000000192ff800 Implicit null exception at 0x0000000004441261 to 0x0000000004443995

Events (10 events):
Event: 3023.384 Executing VM operation: RevokeBias
Event: 3023.384 Executing VM operation: RevokeBias done
Event: 3023.390 loading class com/tricktech/customfonts/R$dimen
Event: 3023.390 loading class com/tricktech/customfonts/R$dimen done
Event: 3023.398 loading class com/tricktech/customfonts/R$drawable
Event: 3023.398 loading class com/tricktech/customfonts/R$drawable done
Event: 3023.405 loading class com/tricktech/customfonts/R$id
Event: 3023.405 loading class com/tricktech/customfonts/R$id done
Event: 3023.413 loading class com/tricktech/customfonts/R$integer
Event: 3023.413 loading class com/tricktech/customfonts/R$integer done


Dynamic libraries:
0x00007ff7cded0000 - 0x00007ff7cdf01000 	C:\Program Files\Android\Android Studio\jre\bin\java.exe
0x00007ffc7e5b0000 - 0x00007ffc7e781000 	C:\WINDOWS\SYSTEM32\ntdll.dll
0x00007ffc7e110000 - 0x00007ffc7e1bb000 	C:\WINDOWS\System32\KERNEL32.DLL
0x00007ffc7ac20000 - 0x00007ffc7ae3d000 	C:\WINDOWS\System32\KERNELBASE.dll
0x00007ffc7d7f0000 - 0x00007ffc7d892000 	C:\WINDOWS\System32\ADVAPI32.dll
0x00007ffc7c240000 - 0x00007ffc7c2de000 	C:\WINDOWS\System32\msvcrt.dll
0x00007ffc7e0b0000 - 0x00007ffc7e109000 	C:\WINDOWS\System32\sechost.dll
0x00007ffc7bba0000 - 0x00007ffc7bcc1000 	C:\WINDOWS\System32\RPCRT4.dll
0x00007ffc7be80000 - 0x00007ffc7bfe5000 	C:\WINDOWS\System32\USER32.dll
0x00007ffc7ab50000 - 0x00007ffc7ab6e000 	C:\WINDOWS\System32\win32u.dll
0x00007ffc7dd90000 - 0x00007ffc7ddc4000 	C:\WINDOWS\System32\GDI32.dll
0x00007ffc7b520000 - 0x00007ffc7b6a2000 	C:\WINDOWS\System32\gdi32full.dll
0x00007ffc74000000 - 0x00007ffc74279000 	C:\WINDOWS\WinSxS\amd64_microsoft.windows.common-controls_6595b64144ccf1df_6.0.14393.447_none_42191651c6827bb3\COMCTL32.dll
0x00007ffc7dde0000 - 0x00007ffc7e0a8000 	C:\WINDOWS\System32\combase.dll
0x00007ffc7b720000 - 0x00007ffc7b815000 	C:\WINDOWS\System32\ucrtbase.dll
0x00007ffc7b6b0000 - 0x00007ffc7b71a000 	C:\WINDOWS\System32\bcryptPrimitives.dll
0x00007ffc7bff0000 - 0x00007ffc7c01e000 	C:\WINDOWS\System32\IMM32.DLL
0x0000000074690000 - 0x0000000074762000 	C:\Program Files\Android\Android Studio\jre\jre\bin\msvcr100.dll
0x0000000074770000 - 0x0000000074fa4000 	C:\Program Files\Android\Android Studio\jre\jre\bin\server\jvm.dll
0x00007ffc7e5a0000 - 0x00007ffc7e5a8000 	C:\WINDOWS\System32\PSAPI.DLL
0x00007ffc719b0000 - 0x00007ffc719b9000 	C:\WINDOWS\SYSTEM32\WSOCK32.dll
0x00007ffc7e370000 - 0x00007ffc7e3da000 	C:\WINDOWS\System32\WS2_32.dll
0x00007ffc788b0000 - 0x00007ffc788d3000 	C:\WINDOWS\SYSTEM32\WINMM.dll
0x00007ffc70b30000 - 0x00007ffc70b3a000 	C:\WINDOWS\SYSTEM32\VERSION.dll
0x00007ffc78880000 - 0x00007ffc788ab000 	C:\WINDOWS\SYSTEM32\WINMMBASE.dll
0x00007ffc7abd0000 - 0x00007ffc7ac12000 	C:\WINDOWS\System32\cfgmgr32.dll
0x00007ffc74cf0000 - 0x00007ffc74cff000 	C:\Program Files\Android\Android Studio\jre\jre\bin\verify.dll
0x00007ffc6e170000 - 0x00007ffc6e199000 	C:\Program Files\Android\Android Studio\jre\jre\bin\java.dll
0x00007ffc72120000 - 0x00007ffc72136000 	C:\Program Files\Android\Android Studio\jre\jre\bin\zip.dll
0x00007ffc7c2e0000 - 0x00007ffc7d7e9000 	C:\WINDOWS\System32\SHELL32.dll
0x00007ffc7ae40000 - 0x00007ffc7b51a000 	C:\WINDOWS\System32\windows.storage.dll
0x00007ffc7aa20000 - 0x00007ffc7aa6c000 	C:\WINDOWS\System32\powrprof.dll
0x00007ffc7c020000 - 0x00007ffc7c072000 	C:\WINDOWS\System32\shlwapi.dll
0x00007ffc7aa10000 - 0x00007ffc7aa1f000 	C:\WINDOWS\System32\kernel.appcore.dll
0x00007ffc7aaa0000 - 0x00007ffc7ab49000 	C:\WINDOWS\System32\shcore.dll
0x00007ffc7aa70000 - 0x00007ffc7aa84000 	C:\WINDOWS\System32\profapi.dll
0x00007ffc71d00000 - 0x00007ffc71d1a000 	C:\Program Files\Android\Android Studio\jre\jre\bin\net.dll
0x00007ffc7a2e0000 - 0x00007ffc7a33c000 	C:\WINDOWS\system32\mswsock.dll
0x00007ffc6e9a0000 - 0x00007ffc6e9b1000 	C:\Program Files\Android\Android Studio\jre\jre\bin\nio.dll
0x00007ffc652c0000 - 0x00007ffc652d2000 	C:\Users\am\.gradle\native\19\windows-amd64\native-platform.dll
0x00007ffc7a480000 - 0x00007ffc7a497000 	C:\WINDOWS\SYSTEM32\CRYPTSP.dll
0x00007ffc79ef0000 - 0x00007ffc79f23000 	C:\WINDOWS\system32\rsaenh.dll
0x00007ffc7a950000 - 0x00007ffc7a97b000 	C:\WINDOWS\SYSTEM32\bcrypt.dll
0x00007ffc7a160000 - 0x00007ffc7a17f000 	C:\WINDOWS\SYSTEM32\USERENV.dll
0x00007ffc7a4a0000 - 0x00007ffc7a4ab000 	C:\WINDOWS\SYSTEM32\CRYPTBASE.dll
0x00007ffc7a070000 - 0x00007ffc7a0a8000 	C:\WINDOWS\SYSTEM32\IPHLPAPI.DLL
0x00007ffc7be70000 - 0x00007ffc7be78000 	C:\WINDOWS\System32\NSI.dll
0x00007ffc75070000 - 0x00007ffc75086000 	C:\WINDOWS\SYSTEM32\dhcpcsvc6.DLL
0x00007ffc76070000 - 0x00007ffc7608a000 	C:\WINDOWS\SYSTEM32\dhcpcsvc.DLL
0x00007ffc77fa0000 - 0x00007ffc77fad000 	C:\Program Files\Android\Android Studio\jre\jre\bin\management.dll
0x00007ffc79dc0000 - 0x00007ffc79df2000 	C:\WINDOWS\SYSTEM32\ntmarta.dll

VM Arguments:
jvm_args: -Xmx1536m -Dfile.encoding=windows-1252 -Duser.country=US -Duser.language=en -Duser.variant 
java_command: org.gradle.launcher.daemon.bootstrap.GradleDaemon 2.14.1
java_class_path (initial): C:\Program Files\Android\Android Studio\gradle\gradle-2.14.1\lib\gradle-launcher-2.14.1.jar
Launcher Type: SUN_STANDARD

Environment Variables:
PATH=C:\ProgramData\Oracle\Java\javapath;C:\WINDOWS\system32;C:\WINDOWS;C:\WINDOWS\System32\Wbem;C:\WINDOWS\System32\WindowsPowerShell\v1.0\;C:\Program Files (x86)\Skype\Phone\;C:\Program Files\Git\cmd;C:\Users\am\AppData\Local\Microsoft\WindowsApps;
USERNAME=am
OS=Windows_NT
PROCESSOR_IDENTIFIER=Intel64 Family 6 Model 94 Stepping 3, GenuineIntel



---------------  S Y S T E M  ---------------

OS: Windows 10.0 , 64 bit Build 14393 (10.0.14393.0)

CPU:total 4 (4 cores per cpu, 1 threads per core) family 6 model 94 stepping 3, cmov, cx8, fxsr, mmx, sse, sse2, sse3, ssse3, sse4.1, sse4.2, popcnt, avx, avx2, aes, clmul, erms, rtm, 3dnowpref, lzcnt, tsc, tscinvbit, bmi1, bmi2, adx

Memory: 4k page, physical 8272392k(166492k free), swap 24692356k(3892k free)

vm_info: OpenJDK 64-Bit Server VM (25.76-b03) for windows-amd64 JRE (1.8.0_76-release-b03), built on Jun 29 2016 19:09:20 by "ralucas" with MS VC++ 10.0 (VS2010)

time: Sun Jan 15 13:05:10 2017
elapsed time: 3023 seconds (0d 0h 50m 23s)

